\BOOKMARK [1][-]{section.1}{\376\377\000P\000S\0000\000:\000\040\000H\000e\000l\000l\000o\000\040\000W\000o\000r\000l\000d\000\040\000w\000i\000t\000h\000\040\000S\000F\000M\000L}{}% 1
\BOOKMARK [2][-]{subsection.1.1}{\376\377\000D\000i\000s\000c\000u\000s\000s\000i\000o\000n\000:}{section.1}% 2
\BOOKMARK [2][-]{subsection.1.2}{\376\377\000K\000e\000y\000\040\000a\000l\000g\000o\000r\000i\000t\000h\000m\000s\000,\000\040\000D\000a\000t\000a\000\040\000s\000t\000r\000u\000c\000t\000u\000r\000e\000s\000\040\000a\000n\000d\000\040\000O\000O\000\040\000D\000e\000s\000i\000g\000n\000s\000\040\000u\000s\000e\000d\000\040\000i\000n\000\040\000t\000h\000i\000s\000\040\000A\000s\000s\000i\000g\000n\000m\000e\000n\000t\000:}{section.1}% 3
\BOOKMARK [2][-]{subsection.1.3}{\376\377\000I\000m\000a\000g\000e\000s\000\040\000u\000s\000e\000d\000:}{section.1}% 4
\BOOKMARK [2][-]{subsection.1.4}{\376\377\000W\000h\000a\000t\000\040\000I\000\040\000l\000e\000a\000r\000n\000e\000d\000\040\000:}{section.1}% 5
\BOOKMARK [2][-]{subsection.1.5}{\376\377\000A\000c\000k\000n\000o\000w\000l\000e\000d\000g\000e\000m\000e\000n\000t\000s\000:}{section.1}% 6
\BOOKMARK [2][-]{subsection.1.6}{\376\377\000C\000o\000d\000e\000b\000a\000s\000e}{section.1}% 7
\BOOKMARK [2][-]{subsection.1.7}{\376\377\000O\000u\000t\000p\000u\000t\000:}{section.1}% 8
\BOOKMARK [1][-]{section.2}{\376\377\000P\000S\0001\000a\000:\000\040\000L\000i\000n\000e\000a\000r\000\040\000F\000e\000e\000d\000b\000a\000c\000k\000\040\000S\000h\000i\000f\000t\000\040\000R\000e\000g\000i\000s\000t\000e\000r}{}% 9
\BOOKMARK [2][-]{subsection.2.1}{\376\377\000D\000i\000s\000c\000u\000s\000s\000i\000o\000n\000:}{section.2}% 10
\BOOKMARK [2][-]{subsection.2.2}{\376\377\000K\000e\000y\000\040\000a\000l\000g\000o\000r\000i\000t\000h\000m\000s\000,\000\040\000D\000a\000t\000a\000\040\000s\000t\000r\000u\000c\000t\000u\000r\000e\000s\000\040\000a\000n\000d\000\040\000O\000O\000\040\000D\000e\000s\000i\000g\000n\000s\000\040\000u\000s\000e\000d\000\040\000i\000n\000\040\000t\000h\000i\000s\000\040\000A\000s\000s\000i\000g\000n\000m\000e\000n\000t\000:}{section.2}% 11
\BOOKMARK [2][-]{subsection.2.3}{\376\377\000W\000h\000a\000t\000\040\000I\000\040\000l\000e\000a\000r\000n\000e\000d\000\040\000:}{section.2}% 12
\BOOKMARK [2][-]{subsection.2.4}{\376\377\000C\000o\000d\000e\000b\000a\000s\000e}{section.2}% 13
\BOOKMARK [2][-]{subsection.2.5}{\376\377\000O\000u\000t\000p\000u\000t\000:}{section.2}% 14
\BOOKMARK [1][-]{section.3}{\376\377\000P\000S\0001\000b\000:\000\040\000A\000p\000p\000l\000i\000c\000a\000t\000i\000o\000n\000\040\000o\000f\000\040\000L\000F\000S\000R\000\040\000w\000i\000t\000h\000\040\000S\000F\000M\000L\000\040\000l\000i\000b\000r\000a\000r\000y}{}% 15
\BOOKMARK [2][-]{subsection.3.1}{\376\377\000D\000i\000s\000c\000u\000s\000s\000i\000o\000n\000:}{section.3}% 16
\BOOKMARK [2][-]{subsection.3.2}{\376\377\000K\000e\000y\000\040\000a\000l\000g\000o\000r\000i\000t\000h\000m\000s\000,\000\040\000D\000a\000t\000a\000\040\000s\000t\000r\000u\000c\000t\000u\000r\000e\000s\000\040\000a\000n\000d\000\040\000O\000O\000\040\000D\000e\000s\000i\000g\000n\000s\000\040\000u\000s\000e\000d\000\040\000i\000n\000\040\000t\000h\000i\000s\000\040\000A\000s\000s\000i\000g\000n\000m\000e\000n\000t\000:}{section.3}% 17
\BOOKMARK [2][-]{subsection.3.3}{\376\377\000I\000m\000a\000g\000e\000s\000\040\000u\000s\000e\000d\000:}{section.3}% 18
\BOOKMARK [2][-]{subsection.3.4}{\376\377\000W\000h\000a\000t\000\040\000I\000\040\000l\000e\000a\000r\000n\000e\000d\000\040\000:}{section.3}% 19
\BOOKMARK [2][-]{subsection.3.5}{\376\377\000A\000c\000k\000n\000o\000w\000l\000e\000d\000g\000e\000m\000e\000n\000t\000s\000\040\000:}{section.3}% 20
\BOOKMARK [2][-]{subsection.3.6}{\376\377\000C\000o\000d\000e\000b\000a\000s\000e}{section.3}% 21
\BOOKMARK [2][-]{subsection.3.7}{\376\377\000O\000u\000t\000p\000u\000t\000:}{section.3}% 22
\BOOKMARK [1][-]{section.4}{\376\377\000P\000S\0002\000a\000:\000\040\000S\000o\000k\000a\000b\000a\000n\000\040\000V\000i\000s\000u\000a\000l\000\040\000c\000o\000m\000p\000o\000n\000e\000n\000t}{}% 23
\BOOKMARK [2][-]{subsection.4.1}{\376\377\000D\000i\000s\000c\000u\000s\000s\000i\000o\000n\000:}{section.4}% 24
\BOOKMARK [2][-]{subsection.4.2}{\376\377\000K\000e\000y\000\040\000a\000l\000g\000o\000r\000i\000t\000h\000m\000s\000,\000\040\000D\000a\000t\000a\000\040\000s\000t\000r\000u\000c\000t\000u\000r\000e\000s\000\040\000a\000n\000d\000\040\000O\000O\000\040\000D\000e\000s\000i\000g\000n\000s\000\040\000u\000s\000e\000d\000\040\000i\000n\000\040\000t\000h\000i\000s\000\040\000A\000s\000s\000i\000g\000n\000m\000e\000n\000t\000:}{section.4}% 25
\BOOKMARK [2][-]{subsection.4.3}{\376\377\000W\000h\000a\000t\000\040\000I\000\040\000l\000e\000a\000r\000n\000e\000d\000\040\000:}{section.4}% 26
\BOOKMARK [2][-]{subsection.4.4}{\376\377\000A\000c\000k\000n\000o\000w\000l\000e\000d\000g\000m\000e\000n\000t\000s\000\040\000:}{section.4}% 27
\BOOKMARK [2][-]{subsection.4.5}{\376\377\000C\000o\000d\000e\000b\000a\000s\000e}{section.4}% 28
\BOOKMARK [2][-]{subsection.4.6}{\376\377\000O\000u\000t\000p\000u\000t\000:}{section.4}% 29
\BOOKMARK [1][-]{section.5}{\376\377\000P\000S\0002\000b\000:\000\040\000S\000o\000k\000o\000b\000a\000n\000\040\000G\000a\000m\000e\000\040\000M\000e\000c\000h\000a\000n\000i\000c\000s}{}% 30
\BOOKMARK [2][-]{subsection.5.1}{\376\377\000D\000i\000s\000c\000u\000s\000s\000i\000o\000n\000:}{section.5}% 31
\BOOKMARK [2][-]{subsection.5.2}{\376\377\000K\000e\000y\000\040\000a\000l\000g\000o\000r\000i\000t\000h\000m\000s\000,\000\040\000D\000a\000t\000a\000\040\000s\000t\000r\000u\000c\000t\000u\000r\000e\000s\000\040\000a\000n\000d\000\040\000O\000O\000\040\000D\000e\000s\000i\000g\000n\000s\000\040\000u\000s\000e\000d\000\040\000i\000n\000\040\000t\000h\000i\000s\000\040\000A\000s\000s\000i\000g\000n\000m\000e\000n\000t\000:}{section.5}% 32
\BOOKMARK [2][-]{subsection.5.3}{\376\377\000W\000h\000a\000t\000\040\000I\000\040\000l\000e\000a\000r\000n\000e\000d\000\040\000:}{section.5}% 33
\BOOKMARK [2][-]{subsection.5.4}{\376\377\000C\000o\000d\000e\000b\000a\000s\000e}{section.5}% 34
\BOOKMARK [2][-]{subsection.5.5}{\376\377\000O\000u\000t\000p\000u\000t\000:}{section.5}% 35
\BOOKMARK [1][-]{section.6}{\376\377\000P\000S\0003\000:\000\040\000P\000y\000t\000h\000a\000g\000o\000r\000a\000s\000\040\000T\000r\000e\000e}{}% 36
\BOOKMARK [2][-]{subsection.6.1}{\376\377\000D\000i\000s\000c\000u\000s\000s\000i\000o\000n\000:}{section.6}% 37
\BOOKMARK [2][-]{subsection.6.2}{\376\377\000K\000e\000y\000\040\000a\000l\000g\000o\000r\000i\000t\000h\000m\000s\000,\000\040\000D\000a\000t\000a\000\040\000s\000t\000r\000u\000c\000t\000u\000r\000e\000s\000\040\000a\000n\000d\000\040\000O\000O\000\040\000D\000e\000s\000i\000g\000n\000s\000\040\000u\000s\000e\000d\000\040\000i\000n\000\040\000t\000h\000i\000s\000\040\000A\000s\000s\000i\000g\000n\000m\000e\000n\000t\000:}{section.6}% 38
\BOOKMARK [2][-]{subsection.6.3}{\376\377\000W\000h\000a\000t\000\040\000I\000\040\000l\000e\000a\000r\000n\000e\000d\000\040\000:}{section.6}% 39
\BOOKMARK [2][-]{subsection.6.4}{\376\377\000C\000o\000d\000e\000b\000a\000s\000e}{section.6}% 40
\BOOKMARK [2][-]{subsection.6.5}{\376\377\000O\000u\000t\000p\000u\000t\000:}{section.6}% 41
\BOOKMARK [1][-]{section.7}{\376\377\000P\000S\0004\000a\000:\000\040\000C\000h\000e\000c\000k\000e\000r\000s\000\040\000V\000i\000s\000u\000a\000l\000\040\000m\000e\000c\000h\000a\000n\000i\000c\000s}{}% 42
\BOOKMARK [2][-]{subsection.7.1}{\376\377\000D\000i\000s\000c\000u\000s\000s\000i\000o\000n\000:}{section.7}% 43
\BOOKMARK [2][-]{subsection.7.2}{\376\377\000K\000e\000y\000\040\000a\000l\000g\000o\000r\000i\000t\000h\000m\000s\000,\000\040\000D\000a\000t\000a\000\040\000s\000t\000r\000u\000c\000t\000u\000r\000e\000s\000\040\000a\000n\000d\000\040\000O\000O\000\040\000D\000e\000s\000i\000g\000n\000s\000\040\000u\000s\000e\000d\000\040\000i\000n\000\040\000t\000h\000i\000s\000\040\000A\000s\000s\000i\000g\000n\000m\000e\000n\000t\000:}{section.7}% 44
\BOOKMARK [2][-]{subsection.7.3}{\376\377\000W\000h\000a\000t\000\040\000I\000\040\000l\000e\000a\000r\000n\000e\000d\000\040\000:}{section.7}% 45
\BOOKMARK [2][-]{subsection.7.4}{\376\377\000C\000o\000d\000e\000b\000a\000s\000e}{section.7}% 46
\BOOKMARK [2][-]{subsection.7.5}{\376\377\000O\000u\000t\000p\000u\000t\000\040\000:}{section.7}% 47
\BOOKMARK [1][-]{section.8}{\376\377\000P\000S\0004\000b\000:\000\040\000C\000h\000e\000c\000k\000e\000r\000s\000\040\000G\000a\000m\000e\000\040\000m\000e\000c\000h\000a\000n\000i\000c\000s}{}% 48
\BOOKMARK [2][-]{subsection.8.1}{\376\377\000D\000i\000s\000c\000u\000s\000s\000i\000o\000n\000:}{section.8}% 49
\BOOKMARK [2][-]{subsection.8.2}{\376\377\000K\000e\000y\000\040\000a\000l\000g\000o\000r\000i\000t\000h\000m\000s\000,\000\040\000D\000a\000t\000a\000\040\000s\000t\000r\000u\000c\000t\000u\000r\000e\000s\000\040\000a\000n\000d\000\040\000O\000O\000\040\000D\000e\000s\000i\000g\000n\000s\000\040\000u\000s\000e\000d\000\040\000i\000n\000\040\000t\000h\000i\000s\000\040\000A\000s\000s\000i\000g\000n\000m\000e\000n\000t\000:}{section.8}% 50
\BOOKMARK [2][-]{subsection.8.3}{\376\377\000W\000h\000a\000t\000\040\000I\000\040\000l\000e\000a\000r\000n\000e\000d\000\040\000:}{section.8}% 51
\BOOKMARK [2][-]{subsection.8.4}{\376\377\000C\000o\000d\000e\000b\000a\000s\000e}{section.8}% 52
\BOOKMARK [2][-]{subsection.8.5}{\376\377\000O\000u\000t\000p\000u\000t\000\040\000:}{section.8}% 53
\BOOKMARK [1][-]{section.9}{\376\377\000P\000S\0005\000:\000\040\000D\000N\000A\000\040\000S\000e\000q\000u\000e\000n\000c\000e\000\040\000A\000l\000i\000g\000n\000m\000e\000n\000t}{}% 54
\BOOKMARK [2][-]{subsection.9.1}{\376\377\000D\000i\000s\000c\000u\000s\000s\000i\000o\000n\000:}{section.9}% 55
\BOOKMARK [2][-]{subsection.9.2}{\376\377\000K\000e\000y\000\040\000a\000l\000g\000o\000r\000i\000t\000h\000m\000s\000,\000\040\000D\000a\000t\000a\000\040\000s\000t\000r\000u\000c\000t\000u\000r\000e\000s\000\040\000a\000n\000d\000\040\000O\000O\000\040\000D\000e\000s\000i\000g\000n\000s\000\040\000u\000s\000e\000d\000\040\000i\000n\000\040\000t\000h\000i\000s\000\040\000A\000s\000s\000i\000g\000n\000m\000e\000n\000t\000:}{section.9}% 56
\BOOKMARK [2][-]{subsection.9.3}{\376\377\000W\000h\000a\000t\000\040\000I\000\040\000l\000e\000a\000r\000n\000e\000d\000\040\000:}{section.9}% 57
\BOOKMARK [2][-]{subsection.9.4}{\376\377\000C\000o\000d\000e\000b\000a\000s\000e}{section.9}% 58
\BOOKMARK [2][-]{subsection.9.5}{\376\377\000O\000u\000t\000p\000u\000t\000:}{section.9}% 59
\BOOKMARK [1][-]{section.10}{\376\377\000P\000S\0006\000:\000\040\000R\000a\000n\000d\000o\000m\000\040\000W\000r\000i\000t\000e\000r}{}% 60
\BOOKMARK [2][-]{subsection.10.1}{\376\377\000D\000i\000s\000c\000u\000s\000s\000i\000o\000n\000:}{section.10}% 61
\BOOKMARK [2][-]{subsection.10.2}{\376\377\000K\000e\000y\000\040\000a\000l\000g\000o\000r\000i\000t\000h\000m\000s\000,\000\040\000D\000a\000t\000a\000\040\000s\000t\000r\000u\000c\000t\000u\000r\000e\000s\000\040\000a\000n\000d\000\040\000O\000O\000\040\000D\000e\000s\000i\000g\000n\000s\000\040\000u\000s\000e\000d\000\040\000i\000n\000\040\000t\000h\000i\000s\000\040\000A\000s\000s\000i\000g\000n\000m\000e\000n\000t\000:}{section.10}% 62
\BOOKMARK [2][-]{subsection.10.3}{\376\377\000W\000h\000a\000t\000\040\000I\000\040\000l\000e\000a\000r\000n\000e\000d\000\040\000:}{section.10}% 63
\BOOKMARK [2][-]{subsection.10.4}{\376\377\000C\000o\000d\000e\000b\000a\000s\000e}{section.10}% 64
\BOOKMARK [1][-]{section.11}{\376\377\000P\000S\0007\000:\000\040\000K\000r\000o\000n\000o\000s\000\040\000L\000o\000g\000\040\000P\000a\000r\000s\000i\000n\000g}{}% 65
\BOOKMARK [2][-]{subsection.11.1}{\376\377\000D\000i\000s\000c\000u\000s\000s\000i\000o\000n\000:}{section.11}% 66
\BOOKMARK [2][-]{subsection.11.2}{\376\377\000K\000e\000y\000\040\000a\000l\000g\000o\000r\000i\000t\000h\000m\000s\000,\000\040\000D\000a\000t\000a\000\040\000s\000t\000r\000u\000c\000t\000u\000r\000e\000s\000\040\000a\000n\000d\000\040\000O\000O\000\040\000D\000e\000s\000i\000g\000n\000s\000\040\000u\000s\000e\000d\000\040\000i\000n\000\040\000t\000h\000i\000s\000\040\000A\000s\000s\000i\000g\000n\000m\000e\000n\000t\000:}{section.11}% 67
\BOOKMARK [2][-]{subsection.11.3}{\376\377\000E\000x\000p\000l\000a\000n\000a\000t\000i\000o\000n\000\040\000o\000f\000\040\000t\000h\000e\000\040\000c\000o\000d\000e\000:}{section.11}% 68
\BOOKMARK [2][-]{subsection.11.4}{\376\377\000W\000h\000a\000t\000\040\000I\000\040\000l\000e\000a\000r\000n\000e\000d\000\040\000:}{section.11}% 69
\BOOKMARK [2][-]{subsection.11.5}{\376\377\000C\000o\000d\000e\000b\000a\000s\000e}{section.11}% 70
