=== Device boot ===
4 (./kronos/device4_intouch.log): not-a-date-time Boot Start
112 (./kronos/device4_intouch.log): 2013-Oct-02 18:45:23 Boot Completed
		Boot Time: 165000ms

=== Device boot ===
747 (./kronos/device4_intouch.log): 2013-Oct-02 18:42:38 Boot Start
855 (./kronos/device4_intouch.log): 2013-Oct-03 12:26:15 Boot Completed
		Boot Time: 174000ms

=== Device boot ===
1459 (./kronos/device4_intouch.log): 2013-Oct-03 12:23:21 Boot Start
1568 (./kronos/device4_intouch.log): 2013-Oct-04 16:23:06 Boot Completed
		Boot Time: 183000ms

=== Device boot ===
31848 (./kronos/device4_intouch.log): 2013-Oct-04 16:20:03 Boot Start
31956 (./kronos/device4_intouch.log): 2013-Dec-03 16:24:08 Boot Completed
		Boot Time: 175000ms

=== Device boot ===
32789 (./kronos/device4_intouch.log): 2013-Dec-03 16:21:13 Boot Start
33032 (./kronos/device4_intouch.log): 2013-Dec-04 21:52:57 Boot Completed
		Boot Time: 150000ms

=== Device boot ===
33145 (./kronos/device4_intouch.log): 2013-Dec-04 21:50:27 Boot Start
33390 (./kronos/device4_intouch.log): 2013-Dec-04 22:01:14 Boot Completed
		Boot Time: 149000ms

=== Device boot ===
33677 (./kronos/device4_intouch.log): 2013-Dec-04 21:58:45 Boot Start
33920 (./kronos/device4_intouch.log): 2013-Dec-04 22:23:31 Boot Completed
		Boot Time: 148000ms

=== Device boot ===
45295 (./kronos/device4_intouch.log): 2013-Dec-04 22:21:03 Boot Start
45538 (./kronos/device4_intouch.log): 2013-Dec-05 13:36:55 Boot Completed
		Boot Time: 150000ms

=== Device boot ===
45615 (./kronos/device4_intouch.log): 2013-Dec-05 13:34:25 Boot Start
45858 (./kronos/device4_intouch.log): 2013-Dec-05 14:14:53 Boot Completed
		Boot Time: 148000ms

=== Device boot ===
46117 (./kronos/device4_intouch.log): 2013-Dec-05 14:12:25 Boot Start
46353 (./kronos/device4_intouch.log): 2013-Dec-05 15:41:29 Boot Completed
		Boot Time: 147000ms

=== Device boot ===
46357 (./kronos/device4_intouch.log): 2013-Dec-05 15:39:02 Boot Start
46600 (./kronos/device4_intouch.log): 2013-Dec-05 20:22:54 Boot Completed
		Boot Time: 150000ms

=== Device boot ===
46792 (./kronos/device4_intouch.log): 2013-Dec-05 20:20:24 Boot Start
47035 (./kronos/device4_intouch.log): 2013-Dec-10 13:23:12 Boot Completed
		Boot Time: 149000ms

=== Device boot ===
47700 (./kronos/device4_intouch.log): 2013-Dec-10 13:20:43 Boot Start
47991 (./kronos/device4_intouch.log): 2013-Dec-10 19:43:55 Boot Completed
		Boot Time: 177000ms

=== Device boot ===
48100 (./kronos/device4_intouch.log): 2013-Dec-10 19:40:58 Boot Start
48341 (./kronos/device4_intouch.log): 2013-Dec-11 14:11:41 Boot Completed
		Boot Time: 150000ms

=== Device boot ===
48345 (./kronos/device4_intouch.log): 2013-Dec-11 14:09:11 Boot Start
48636 (./kronos/device4_intouch.log): 2013-Dec-11 14:20:46 Boot Completed
		Boot Time: 177000ms

